<?xml version="1.0" encoding="UTF-8"?>
<!-- Generated by org.testng.reporters.JUnitXMLReporter -->
<testsuite ignored="0" hostname="DESKTOP-JLV575E" failures="0" tests="4" name="Default test" time="6.013" errors="0" timestamp="2023-12-17T13:32:40 IST">
  <testcase classname="saucedemo.TestClass" name="testCase1" time="0.43"/>
  <testcase classname="saucedemo.TestClass" name="testCase2" time="0.262"/>
  <testcase classname="saucedemo.TestClass" name="testCase3" time="0.341"/>
  <testcase classname="saucedemo.TestClass" name="testCase4" time="0.256"/>
</testsuite> <!-- Default test -->
