<?xml version="1.0" encoding="UTF-8"?>
<testng-results ignored="0" total="4" passed="4" failed="0" skipped="0">
  <reporter-output>
  </reporter-output>
  <suite started-at="2023-12-17T13:32:34 IST" name="Default suite" finished-at="2023-12-17T13:32:40 IST" duration-ms="6013">
    <groups>
    </groups>
    <test started-at="2023-12-17T13:32:34 IST" name="Default test" finished-at="2023-12-17T13:32:40 IST" duration-ms="6013">
      <class name="saucedemo.TestClass">
        <test-method is-config="true" signature="setUp()[pri:0, instance:saucedemo.TestClass@6069db50]" started-at="2023-12-17T13:32:34 IST" name="setUp" finished-at="2023-12-17T13:32:39 IST" duration-ms="4218" status="PASS">
          <reporter-output>
          </reporter-output>
        </test-method> <!-- setUp -->
        <test-method is-config="true" signature="RefreshPage()[pri:0, instance:saucedemo.TestClass@6069db50]" started-at="2023-12-17T13:32:39 IST" name="RefreshPage" finished-at="2023-12-17T13:32:39 IST" duration-ms="194" status="PASS">
          <reporter-output>
          </reporter-output>
        </test-method> <!-- RefreshPage -->
        <test-method signature="testCase1()[pri:0, instance:saucedemo.TestClass@6069db50]" started-at="2023-12-17T13:32:39 IST" name="testCase1" finished-at="2023-12-17T13:32:39 IST" duration-ms="430" status="PASS">
          <reporter-output>
          </reporter-output>
        </test-method> <!-- testCase1 -->
        <test-method is-config="true" signature="RefreshPage()[pri:0, instance:saucedemo.TestClass@6069db50]" started-at="2023-12-17T13:32:39 IST" name="RefreshPage" finished-at="2023-12-17T13:32:39 IST" duration-ms="87" status="PASS">
          <reporter-output>
          </reporter-output>
        </test-method> <!-- RefreshPage -->
        <test-method signature="testCase2()[pri:0, instance:saucedemo.TestClass@6069db50]" started-at="2023-12-17T13:32:39 IST" name="testCase2" finished-at="2023-12-17T13:32:40 IST" duration-ms="262" status="PASS">
          <reporter-output>
          </reporter-output>
        </test-method> <!-- testCase2 -->
        <test-method is-config="true" signature="RefreshPage()[pri:0, instance:saucedemo.TestClass@6069db50]" started-at="2023-12-17T13:32:40 IST" name="RefreshPage" finished-at="2023-12-17T13:32:40 IST" duration-ms="95" status="PASS">
          <reporter-output>
          </reporter-output>
        </test-method> <!-- RefreshPage -->
        <test-method signature="testCase3()[pri:0, instance:saucedemo.TestClass@6069db50]" started-at="2023-12-17T13:32:40 IST" name="testCase3" finished-at="2023-12-17T13:32:40 IST" duration-ms="341" status="PASS">
          <reporter-output>
          </reporter-output>
        </test-method> <!-- testCase3 -->
        <test-method is-config="true" signature="RefreshPage()[pri:0, instance:saucedemo.TestClass@6069db50]" started-at="2023-12-17T13:32:40 IST" name="RefreshPage" finished-at="2023-12-17T13:32:40 IST" duration-ms="50" status="PASS">
          <reporter-output>
          </reporter-output>
        </test-method> <!-- RefreshPage -->
        <test-method signature="testCase4()[pri:0, instance:saucedemo.TestClass@6069db50]" started-at="2023-12-17T13:32:40 IST" name="testCase4" finished-at="2023-12-17T13:32:40 IST" duration-ms="256" status="PASS">
          <reporter-output>
          </reporter-output>
        </test-method> <!-- testCase4 -->
      </class> <!-- saucedemo.TestClass -->
    </test> <!-- Default test -->
  </suite> <!-- Default suite -->
</testng-results>
